{"/Users/riskakrndw/Documents/Personal/Dicoding/expert/MathBasic/src/MathBasic.js": {"path":"/Users/riskakrndw/Documents/Personal/Dicoding/expert/MathBasic/src/MathBasic.js","statementMap":{"0":{"start":{"line":1,"column":18},"end":{"line":18,"column":1}},"1":{"start":{"line":3,"column":4},"end":{"line":5,"column":5}},"2":{"start":{"line":4,"column":6},"end":{"line":4,"column":61}},"3":{"start":{"line":7,"column":19},"end":{"line":7,"column":23}},"4":{"start":{"line":9,"column":4},"end":{"line":11,"column":5}},"5":{"start":{"line":10,"column":6},"end":{"line":10,"column":64}},"6":{"start":{"line":13,"column":4},"end":{"line":13,"column":17}},"7":{"start":{"line":20,"column":0},"end":{"line":20,"column":27}}},"fnMap":{"0":{"name":"(anonymous_0)","decl":{"start":{"line":2,"column":7},"end":{"line":2,"column":8}},"loc":{"start":{"line":2,"column":20},"end":{"line":14,"column":3}},"line":2},"1":{"name":"(anonymous_1)","decl":{"start":{"line":15,"column":12},"end":{"line":15,"column":13}},"loc":{"start":{"line":15,"column":18},"end":{"line":15,"column":20}},"line":15},"2":{"name":"(anonymous_2)","decl":{"start":{"line":16,"column":12},"end":{"line":16,"column":13}},"loc":{"start":{"line":16,"column":18},"end":{"line":16,"column":20}},"line":16},"3":{"name":"(anonymous_3)","decl":{"start":{"line":17,"column":10},"end":{"line":17,"column":11}},"loc":{"start":{"line":17,"column":16},"end":{"line":17,"column":18}},"line":17}},"branchMap":{"0":{"loc":{"start":{"line":3,"column":4},"end":{"line":5,"column":5}},"type":"if","locations":[{"start":{"line":3,"column":4},"end":{"line":5,"column":5}},{"start":{},"end":{}}],"line":3},"1":{"loc":{"start":{"line":9,"column":4},"end":{"line":11,"column":5}},"type":"if","locations":[{"start":{"line":9,"column":4},"end":{"line":11,"column":5}},{"start":{},"end":{}}],"line":9},"2":{"loc":{"start":{"line":9,"column":8},"end":{"line":9,"column":54}},"type":"binary-expr","locations":[{"start":{"line":9,"column":8},"end":{"line":9,"column":29}},{"start":{"line":9,"column":33},"end":{"line":9,"column":54}}],"line":9}},"s":{"0":1,"1":10,"2":4,"3":6,"4":6,"5":3,"6":3,"7":1},"f":{"0":10,"1":0,"2":0,"3":0},"b":{"0":[4,6],"1":[3,3],"2":[6,3]},"_coverageSchema":"1a1c01bbd47fc00a2c39e90264f33305004495a9","hash":"3de0d8b4dc2abb58eba97ad3314cb060275dd470"}
,"/Users/riskakrndw/Documents/Personal/Dicoding/expert/MathBasic/src/Rocket.js": {"path":"/Users/riskakrndw/Documents/Personal/Dicoding/expert/MathBasic/src/Rocket.js","statementMap":{"0":{"start":{"line":3,"column":4},"end":{"line":3,"column":21}},"1":{"start":{"line":4,"column":4},"end":{"line":4,"column":35}},"2":{"start":{"line":8,"column":0},"end":{"line":8,"column":24}}},"fnMap":{"0":{"name":"(anonymous_0)","decl":{"start":{"line":2,"column":2},"end":{"line":2,"column":3}},"loc":{"start":{"line":2,"column":20},"end":{"line":5,"column":3}},"line":2}},"branchMap":{},"s":{"0":8,"1":8,"2":1},"f":{"0":8},"b":{},"_coverageSchema":"1a1c01bbd47fc00a2c39e90264f33305004495a9","hash":"4ba1b87cafb7f31f50d9f0da1d49befdb6c86bda"}
,"/Users/riskakrndw/Documents/Personal/Dicoding/expert/MathBasic/src/RocketLauncher.js": {"path":"/Users/riskakrndw/Documents/Personal/Dicoding/expert/MathBasic/src/RocketLauncher.js","statementMap":{"0":{"start":{"line":3,"column":4},"end":{"line":3,"column":27}},"1":{"start":{"line":7,"column":4},"end":{"line":9,"column":7}},"2":{"start":{"line":8,"column":6},"end":{"line":8,"column":37}},"3":{"start":{"line":11,"column":4},"end":{"line":11,"column":22}},"4":{"start":{"line":15,"column":19},"end":{"line":15,"column":39}},"5":{"start":{"line":16,"column":4},"end":{"line":16,"column":35}},"6":{"start":{"line":20,"column":28},"end":{"line":20,"column":29}},"7":{"start":{"line":22,"column":4},"end":{"line":28,"column":5}},"8":{"start":{"line":23,"column":6},"end":{"line":27,"column":7}},"9":{"start":{"line":24,"column":8},"end":{"line":24,"column":44}},"10":{"start":{"line":26,"column":8},"end":{"line":26,"column":28}},"11":{"start":{"line":30,"column":4},"end":{"line":32,"column":5}},"12":{"start":{"line":31,"column":6},"end":{"line":31,"column":36}},"13":{"start":{"line":34,"column":4},"end":{"line":34,"column":93}},"14":{"start":{"line":38,"column":0},"end":{"line":38,"column":32}}},"fnMap":{"0":{"name":"(anonymous_0)","decl":{"start":{"line":2,"column":2},"end":{"line":2,"column":3}},"loc":{"start":{"line":2,"column":28},"end":{"line":4,"column":3}},"line":2},"1":{"name":"(anonymous_1)","decl":{"start":{"line":6,"column":2},"end":{"line":6,"column":3}},"loc":{"start":{"line":6,"column":21},"end":{"line":12,"column":3}},"line":6},"2":{"name":"(anonymous_2)","decl":{"start":{"line":7,"column":25},"end":{"line":7,"column":26}},"loc":{"start":{"line":7,"column":37},"end":{"line":9,"column":5}},"line":7},"3":{"name":"(anonymous_3)","decl":{"start":{"line":14,"column":2},"end":{"line":14,"column":3}},"loc":{"start":{"line":14,"column":24},"end":{"line":17,"column":3}},"line":14},"4":{"name":"(anonymous_4)","decl":{"start":{"line":19,"column":2},"end":{"line":19,"column":3}},"loc":{"start":{"line":19,"column":27},"end":{"line":35,"column":3}},"line":19}},"branchMap":{"0":{"loc":{"start":{"line":2,"column":14},"end":{"line":2,"column":26}},"type":"default-arg","locations":[{"start":{"line":2,"column":24},"end":{"line":2,"column":26}}],"line":2},"1":{"loc":{"start":{"line":30,"column":4},"end":{"line":32,"column":5}},"type":"if","locations":[{"start":{"line":30,"column":4},"end":{"line":32,"column":5}},{"start":{},"end":{}}],"line":30}},"s":{"0":4,"1":1,"2":0,"3":0,"4":1,"5":1,"6":2,"7":2,"8":0,"9":0,"10":0,"11":0,"12":0,"13":0,"14":1},"f":{"0":4,"1":1,"2":0,"3":1,"4":2},"b":{"0":[0],"1":[0,0]},"_coverageSchema":"1a1c01bbd47fc00a2c39e90264f33305004495a9","hash":"19be59fc3301b22b0794dd49b4d157aa26e900a5"}
}
